2026-03-22 19:29:50 error: Redis connection error: Redis connection to localhost:6379 failed - connect ECONNREFUSED 127.0.0.1:6379
2026-03-22 19:29:50 error: Redis connection error: Redis connection to localhost:6379 failed - connect ECONNREFUSED 127.0.0.1:6379
2026-03-22 19:29:50 error: Redis connection error: Redis connection to localhost:6379 failed - connect ECONNREFUSED 127.0.0.1:6379
2026-03-22 19:29:51 error: Redis connection error: Redis connection to localhost:6379 failed - connect ECONNREFUSED 127.0.0.1:6379
2026-03-22 19:29:52 error: Redis connection error: Redis connection to localhost:6379 failed - connect ECONNREFUSED 127.0.0.1:6379
2026-03-22 19:29:54 error: Redis connection error: Redis connection to localhost:6379 failed - connect ECONNREFUSED 127.0.0.1:6379
2026-03-22 19:29:56 error: Redis connection error: Redis connection to localhost:6379 failed - connect ECONNREFUSED 127.0.0.1:6379
2026-03-22 19:30:01 error: Redis connection error: Redis connection to localhost:6379 failed - connect ECONNREFUSED 127.0.0.1:6379
2026-03-22 19:30:09 error: Redis connection error: Redis connection to localhost:6379 failed - connect ECONNREFUSED 127.0.0.1:6379
2026-03-22 19:30:23 error: Redis connection error: Redis connection to localhost:6379 failed - connect ECONNREFUSED 127.0.0.1:6379
2026-03-22 19:30:47 error: Redis connection error: Redis connection to localhost:6379 failed - connect ECONNREFUSED 127.0.0.1:6379
2026-03-22 19:31:27 error: Redis connection error: Redis connection to localhost:6379 failed - connect ECONNREFUSED 127.0.0.1:6379
2026-03-22 19:32:36 error: Redis connection error: Redis connection to localhost:6379 failed - connect ECONNREFUSED 127.0.0.1:6379
2026-03-22 19:34:33 error: Redis connection error: Redis connection to localhost:6379 failed - connect ECONNREFUSED 127.0.0.1:6379
2026-03-22 19:37:51 error: Redis connection error: Redis connection to localhost:6379 failed - connect ECONNREFUSED 127.0.0.1:6379
2026-03-22 19:43:28 error: Redis connection error: Redis connection to localhost:6379 failed - connect ECONNREFUSED 127.0.0.1:6379
2026-03-22 22:10:25 error: Error connecting to Redis: redisClient.connect is not a function
2026-03-22 22:11:23 error: Error connecting to Redis: redisClient.connect is not a function
2026-03-22 22:38:49 error: Register error: Unknown column 'User.email' in 'where clause'
2026-03-22 22:39:40 error: Register error: Unknown column 'email' in 'field list'
2026-03-22 22:42:27 error: Create device error: Cannot add or update a child row: a foreign key constraint fails (`equipment_management`.`devices`, CONSTRAINT `devices_ibfk_1` FOREIGN KEY (`departmentId`) REFERENCES `departments` (`id`) ON DELETE SET NULL ON UPDATE CASCADE)
2026-03-22 22:43:47 error: Create device error: Cannot add or update a child row: a foreign key constraint fails (`equipment_management`.`devices`, CONSTRAINT `devices_ibfk_1` FOREIGN KEY (`departmentId`) REFERENCES `departments` (`id`) ON DELETE SET NULL ON UPDATE CASCADE)
2026-03-22 22:53:47 error: Register error: Username already exists
2026-03-22 22:53:47 error: Register error: Data truncated for column 'role' at row 1
2026-03-22 22:53:47 error: Create maintenance plan error: Cannot add or update a child row: a foreign key constraint fails (`equipment_management`.`maintenanceplans`, CONSTRAINT `maintenanceplans_ibfk_1` FOREIGN KEY (`deviceId`) REFERENCES `devices` (`id`) ON DELETE CASCADE ON UPDATE CASCADE)
2026-03-22 22:53:47 error: Create maintenance plan error: Cannot add or update a child row: a foreign key constraint fails (`equipment_management`.`maintenanceplans`, CONSTRAINT `maintenanceplans_ibfk_1` FOREIGN KEY (`deviceId`) REFERENCES `devices` (`id`) ON DELETE CASCADE ON UPDATE CASCADE)
2026-03-22 22:53:47 error: Create maintenance error: notNull Violation: Maintenance.maintenanceType cannot be null,
notNull Violation: Maintenance.description cannot be null,
notNull Violation: Maintenance.startDate cannot be null
2026-03-22 22:53:47 error: Create maintenance error: notNull Violation: Maintenance.maintenanceType cannot be null,
notNull Violation: Maintenance.description cannot be null,
notNull Violation: Maintenance.startDate cannot be null
2026-03-22 22:53:47 error: Create maintenance error: notNull Violation: Maintenance.maintenanceType cannot be null,
notNull Violation: Maintenance.description cannot be null,
notNull Violation: Maintenance.startDate cannot be null
2026-03-22 22:53:47 error: Create repair order error: notNull Violation: RepairOrder.applicant cannot be null,
notNull Violation: RepairOrder.applyDate cannot be null
2026-03-22 22:53:47 error: Create repair order error: notNull Violation: RepairOrder.applicant cannot be null,
notNull Violation: RepairOrder.applyDate cannot be null
2026-03-22 22:53:47 error: Create repair order error: notNull Violation: RepairOrder.applicant cannot be null,
notNull Violation: RepairOrder.applyDate cannot be null
2026-03-22 22:53:47 error: Create repair order error: notNull Violation: RepairOrder.applicant cannot be null,
notNull Violation: RepairOrder.applyDate cannot be null
2026-03-22 22:53:47 error: Create running data error: notNull Violation: RunningData.date cannot be null,
notNull Violation: RunningData.production cannot be null,
notNull Violation: RunningData.energyConsumption cannot be null,
notNull Violation: RunningData.operator cannot be null
2026-03-22 22:53:47 error: Create running data error: notNull Violation: RunningData.date cannot be null,
notNull Violation: RunningData.production cannot be null,
notNull Violation: RunningData.energyConsumption cannot be null,
notNull Violation: RunningData.operator cannot be null
2026-03-22 22:53:47 error: Create running data error: notNull Violation: RunningData.date cannot be null,
notNull Violation: RunningData.production cannot be null,
notNull Violation: RunningData.energyConsumption cannot be null,
notNull Violation: RunningData.operator cannot be null
2026-03-22 22:54:43 error: Register error: Username already exists
2026-03-22 22:54:43 error: Register error: Data truncated for column 'role' at row 1
2026-03-22 22:54:43 error: Create device error: Validation error
2026-03-22 22:54:43 error: Create device error: Validation error
2026-03-22 22:54:43 error: Create device error: Validation error
2026-03-22 22:54:43 error: Create device error: Validation error
2026-03-22 22:54:43 error: Create maintenance plan error: Cannot add or update a child row: a foreign key constraint fails (`equipment_management`.`maintenanceplans`, CONSTRAINT `maintenanceplans_ibfk_1` FOREIGN KEY (`deviceId`) REFERENCES `devices` (`id`) ON DELETE CASCADE ON UPDATE CASCADE)
2026-03-22 22:54:43 error: Create maintenance plan error: Cannot add or update a child row: a foreign key constraint fails (`equipment_management`.`maintenanceplans`, CONSTRAINT `maintenanceplans_ibfk_1` FOREIGN KEY (`deviceId`) REFERENCES `devices` (`id`) ON DELETE CASCADE ON UPDATE CASCADE)
2026-03-22 22:54:43 error: Create maintenance error: notNull Violation: Maintenance.maintenanceType cannot be null,
notNull Violation: Maintenance.description cannot be null,
notNull Violation: Maintenance.startDate cannot be null
2026-03-22 22:54:43 error: Create maintenance error: notNull Violation: Maintenance.maintenanceType cannot be null,
notNull Violation: Maintenance.description cannot be null,
notNull Violation: Maintenance.startDate cannot be null
2026-03-22 22:54:43 error: Create maintenance error: notNull Violation: Maintenance.maintenanceType cannot be null,
notNull Violation: Maintenance.description cannot be null,
notNull Violation: Maintenance.startDate cannot be null
2026-03-22 22:54:43 error: Create repair order error: notNull Violation: RepairOrder.applicant cannot be null,
notNull Violation: RepairOrder.applyDate cannot be null
2026-03-22 22:54:43 error: Create repair order error: notNull Violation: RepairOrder.applicant cannot be null,
notNull Violation: RepairOrder.applyDate cannot be null
2026-03-22 22:54:43 error: Create repair order error: notNull Violation: RepairOrder.applicant cannot be null,
notNull Violation: RepairOrder.applyDate cannot be null
2026-03-22 22:54:43 error: Create repair order error: notNull Violation: RepairOrder.applicant cannot be null,
notNull Violation: RepairOrder.applyDate cannot be null
2026-03-22 22:54:43 error: Create running data error: notNull Violation: RunningData.date cannot be null,
notNull Violation: RunningData.production cannot be null,
notNull Violation: RunningData.energyConsumption cannot be null,
notNull Violation: RunningData.operator cannot be null
2026-03-22 22:54:43 error: Create running data error: notNull Violation: RunningData.date cannot be null,
notNull Violation: RunningData.production cannot be null,
notNull Violation: RunningData.energyConsumption cannot be null,
notNull Violation: RunningData.operator cannot be null
2026-03-22 22:54:43 error: Create running data error: notNull Violation: RunningData.date cannot be null,
notNull Violation: RunningData.production cannot be null,
notNull Violation: RunningData.energyConsumption cannot be null,
notNull Violation: RunningData.operator cannot be null
2026-03-22 22:57:43 error: Register error: Username already exists
2026-03-22 22:57:43 error: Create device error: Validation error
2026-03-22 22:57:43 error: Create device error: Validation error
2026-03-22 22:57:43 error: Create device error: Validation error
2026-03-22 22:57:43 error: Create device error: Validation error
2026-03-22 22:57:43 error: Create maintenance plan error: Cannot add or update a child row: a foreign key constraint fails (`equipment_management`.`maintenanceplans`, CONSTRAINT `maintenanceplans_ibfk_1` FOREIGN KEY (`deviceId`) REFERENCES `devices` (`id`) ON DELETE CASCADE ON UPDATE CASCADE)
2026-03-22 22:57:43 error: Create maintenance plan error: Cannot add or update a child row: a foreign key constraint fails (`equipment_management`.`maintenanceplans`, CONSTRAINT `maintenanceplans_ibfk_1` FOREIGN KEY (`deviceId`) REFERENCES `devices` (`id`) ON DELETE CASCADE ON UPDATE CASCADE)
2026-03-22 22:58:56 error: Register error: Username already exists
2026-03-22 22:58:56 error: Register error: Username already exists
2026-03-22 22:58:56 error: Create maintenance plan error: Cannot add or update a child row: a foreign key constraint fails (`equipment_management`.`maintenanceplans`, CONSTRAINT `maintenanceplans_ibfk_1` FOREIGN KEY (`deviceId`) REFERENCES `devices` (`id`) ON DELETE CASCADE ON UPDATE CASCADE)
2026-03-22 22:58:56 error: Create maintenance plan error: Cannot add or update a child row: a foreign key constraint fails (`equipment_management`.`maintenanceplans`, CONSTRAINT `maintenanceplans_ibfk_1` FOREIGN KEY (`deviceId`) REFERENCES `devices` (`id`) ON DELETE CASCADE ON UPDATE CASCADE)
2026-03-22 22:59:19 error: Register error: Username already exists
2026-03-22 22:59:19 error: Register error: Username already exists
2026-03-22 22:59:19 error: Create maintenance plan error: Cannot add or update a child row: a foreign key constraint fails (`equipment_management`.`maintenanceplans`, CONSTRAINT `maintenanceplans_ibfk_1` FOREIGN KEY (`deviceId`) REFERENCES `devices` (`id`) ON DELETE CASCADE ON UPDATE CASCADE)
2026-03-22 22:59:19 error: Create maintenance plan error: Cannot add or update a child row: a foreign key constraint fails (`equipment_management`.`maintenanceplans`, CONSTRAINT `maintenanceplans_ibfk_1` FOREIGN KEY (`deviceId`) REFERENCES `devices` (`id`) ON DELETE CASCADE ON UPDATE CASCADE)
2026-03-22 23:00:27 error: Register error: Username already exists
2026-03-22 23:00:27 error: Register error: Username already exists
2026-03-22 23:00:27 error: Create maintenance plan error: Cannot add or update a child row: a foreign key constraint fails (`equipment_management`.`maintenanceplans`, CONSTRAINT `maintenanceplans_ibfk_1` FOREIGN KEY (`deviceId`) REFERENCES `devices` (`id`) ON DELETE CASCADE ON UPDATE CASCADE)
2026-03-22 23:00:27 error: Create maintenance plan error: Cannot add or update a child row: a foreign key constraint fails (`equipment_management`.`maintenanceplans`, CONSTRAINT `maintenanceplans_ibfk_1` FOREIGN KEY (`deviceId`) REFERENCES `devices` (`id`) ON DELETE CASCADE ON UPDATE CASCADE)
2026-03-22 23:00:27 error: Create maintenance error: notNull Violation: Maintenance.maintenanceType cannot be null,
notNull Violation: Maintenance.description cannot be null,
notNull Violation: Maintenance.startDate cannot be null
2026-03-22 23:00:27 error: Create maintenance error: notNull Violation: Maintenance.maintenanceType cannot be null,
notNull Violation: Maintenance.description cannot be null,
notNull Violation: Maintenance.startDate cannot be null
2026-03-22 23:00:27 error: Create maintenance error: notNull Violation: Maintenance.maintenanceType cannot be null,
notNull Violation: Maintenance.description cannot be null,
notNull Violation: Maintenance.startDate cannot be null
2026-03-22 23:00:27 error: Create repair order error: notNull Violation: RepairOrder.applicant cannot be null,
notNull Violation: RepairOrder.applyDate cannot be null
2026-03-22 23:00:27 error: Create repair order error: notNull Violation: RepairOrder.applicant cannot be null,
notNull Violation: RepairOrder.applyDate cannot be null
2026-03-22 23:00:27 error: Create repair order error: notNull Violation: RepairOrder.applicant cannot be null,
notNull Violation: RepairOrder.applyDate cannot be null
2026-03-22 23:00:27 error: Create repair order error: notNull Violation: RepairOrder.applicant cannot be null,
notNull Violation: RepairOrder.applyDate cannot be null
2026-03-22 23:00:27 error: Create running data error: notNull Violation: RunningData.date cannot be null,
notNull Violation: RunningData.production cannot be null,
notNull Violation: RunningData.energyConsumption cannot be null,
notNull Violation: RunningData.operator cannot be null
2026-03-22 23:00:27 error: Create running data error: notNull Violation: RunningData.date cannot be null,
notNull Violation: RunningData.production cannot be null,
notNull Violation: RunningData.energyConsumption cannot be null,
notNull Violation: RunningData.operator cannot be null
2026-03-22 23:00:27 error: Create running data error: notNull Violation: RunningData.date cannot be null,
notNull Violation: RunningData.production cannot be null,
notNull Violation: RunningData.energyConsumption cannot be null,
notNull Violation: RunningData.operator cannot be null
2026-03-22 23:01:20 error: Register error: Username already exists
2026-03-22 23:01:20 error: Register error: Username already exists
2026-03-22 23:01:20 error: Create maintenance plan error: Cannot add or update a child row: a foreign key constraint fails (`equipment_management`.`maintenanceplans`, CONSTRAINT `maintenanceplans_ibfk_1` FOREIGN KEY (`deviceId`) REFERENCES `devices` (`id`) ON DELETE CASCADE ON UPDATE CASCADE)
2026-03-22 23:01:20 error: Create maintenance plan error: Cannot add or update a child row: a foreign key constraint fails (`equipment_management`.`maintenanceplans`, CONSTRAINT `maintenanceplans_ibfk_1` FOREIGN KEY (`deviceId`) REFERENCES `devices` (`id`) ON DELETE CASCADE ON UPDATE CASCADE)
2026-03-22 23:02:04 error: Register error: Username already exists
2026-03-22 23:02:04 error: Register error: Username already exists
2026-03-22 23:02:04 error: Create maintenance plan error: Cannot add or update a child row: a foreign key constraint fails (`equipment_management`.`maintenanceplans`, CONSTRAINT `maintenanceplans_ibfk_1` FOREIGN KEY (`deviceId`) REFERENCES `devices` (`id`) ON DELETE CASCADE ON UPDATE CASCADE)
2026-03-22 23:02:04 error: Create maintenance plan error: Cannot add or update a child row: a foreign key constraint fails (`equipment_management`.`maintenanceplans`, CONSTRAINT `maintenanceplans_ibfk_1` FOREIGN KEY (`deviceId`) REFERENCES `devices` (`id`) ON DELETE CASCADE ON UPDATE CASCADE)
2026-03-22 23:02:04 error: Create maintenance error: notNull Violation: Maintenance.maintenanceType cannot be null,
notNull Violation: Maintenance.description cannot be null,
notNull Violation: Maintenance.startDate cannot be null
2026-03-22 23:02:04 error: Create maintenance error: notNull Violation: Maintenance.maintenanceType cannot be null,
notNull Violation: Maintenance.description cannot be null,
notNull Violation: Maintenance.startDate cannot be null
2026-03-22 23:02:04 error: Create maintenance error: notNull Violation: Maintenance.maintenanceType cannot be null,
notNull Violation: Maintenance.description cannot be null,
notNull Violation: Maintenance.startDate cannot be null
2026-03-22 23:02:04 error: Create repair order error: notNull Violation: RepairOrder.applicant cannot be null,
notNull Violation: RepairOrder.applyDate cannot be null
2026-03-22 23:02:04 error: Create repair order error: notNull Violation: RepairOrder.applicant cannot be null,
notNull Violation: RepairOrder.applyDate cannot be null
2026-03-22 23:02:04 error: Create repair order error: notNull Violation: RepairOrder.applicant cannot be null,
notNull Violation: RepairOrder.applyDate cannot be null
2026-03-22 23:02:04 error: Create repair order error: notNull Violation: RepairOrder.applicant cannot be null,
notNull Violation: RepairOrder.applyDate cannot be null
2026-03-22 23:02:04 error: Create running data error: notNull Violation: RunningData.date cannot be null,
notNull Violation: RunningData.production cannot be null,
notNull Violation: RunningData.energyConsumption cannot be null,
notNull Violation: RunningData.operator cannot be null
2026-03-22 23:02:04 error: Create running data error: notNull Violation: RunningData.date cannot be null,
notNull Violation: RunningData.production cannot be null,
notNull Violation: RunningData.energyConsumption cannot be null,
notNull Violation: RunningData.operator cannot be null
2026-03-22 23:02:04 error: Create running data error: notNull Violation: RunningData.date cannot be null,
notNull Violation: RunningData.production cannot be null,
notNull Violation: RunningData.energyConsumption cannot be null,
notNull Violation: RunningData.operator cannot be null
2026-03-22 23:03:41 error: Register error: Username already exists
2026-03-22 23:03:41 error: Register error: Username already exists
2026-03-22 23:03:41 error: Create maintenance plan error: Cannot add or update a child row: a foreign key constraint fails (`equipment_management`.`maintenanceplans`, CONSTRAINT `maintenanceplans_ibfk_1` FOREIGN KEY (`deviceId`) REFERENCES `devices` (`id`) ON DELETE CASCADE ON UPDATE CASCADE)
2026-03-22 23:03:41 error: Create maintenance plan error: Cannot add or update a child row: a foreign key constraint fails (`equipment_management`.`maintenanceplans`, CONSTRAINT `maintenanceplans_ibfk_1` FOREIGN KEY (`deviceId`) REFERENCES `devices` (`id`) ON DELETE CASCADE ON UPDATE CASCADE)
2026-03-22 23:03:41 error: Create maintenance error: notNull Violation: Maintenance.maintenanceType cannot be null,
notNull Violation: Maintenance.description cannot be null,
notNull Violation: Maintenance.startDate cannot be null
2026-03-22 23:03:41 error: Create maintenance error: notNull Violation: Maintenance.maintenanceType cannot be null,
notNull Violation: Maintenance.description cannot be null,
notNull Violation: Maintenance.startDate cannot be null
2026-03-22 23:03:41 error: Create maintenance error: notNull Violation: Maintenance.maintenanceType cannot be null,
notNull Violation: Maintenance.description cannot be null,
notNull Violation: Maintenance.startDate cannot be null
2026-03-22 23:03:41 error: Create repair order error: notNull Violation: RepairOrder.applicant cannot be null,
notNull Violation: RepairOrder.applyDate cannot be null
2026-03-22 23:03:41 error: Create repair order error: notNull Violation: RepairOrder.applicant cannot be null,
notNull Violation: RepairOrder.applyDate cannot be null
2026-03-22 23:03:41 error: Create repair order error: notNull Violation: RepairOrder.applicant cannot be null,
notNull Violation: RepairOrder.applyDate cannot be null
2026-03-22 23:03:41 error: Create repair order error: notNull Violation: RepairOrder.applicant cannot be null,
notNull Violation: RepairOrder.applyDate cannot be null
2026-03-22 23:03:41 error: Create running data error: notNull Violation: RunningData.date cannot be null,
notNull Violation: RunningData.production cannot be null,
notNull Violation: RunningData.energyConsumption cannot be null,
notNull Violation: RunningData.operator cannot be null
2026-03-22 23:03:41 error: Create running data error: notNull Violation: RunningData.date cannot be null,
notNull Violation: RunningData.production cannot be null,
notNull Violation: RunningData.energyConsumption cannot be null,
notNull Violation: RunningData.operator cannot be null
2026-03-22 23:03:41 error: Create running data error: notNull Violation: RunningData.date cannot be null,
notNull Violation: RunningData.production cannot be null,
notNull Violation: RunningData.energyConsumption cannot be null,
notNull Violation: RunningData.operator cannot be null
2026-03-22 23:04:43 error: Register error: Username already exists
2026-03-22 23:04:43 error: Register error: Username already exists
2026-03-22 23:04:43 error: Create maintenance plan error: Cannot add or update a child row: a foreign key constraint fails (`equipment_management`.`maintenanceplans`, CONSTRAINT `maintenanceplans_ibfk_1` FOREIGN KEY (`deviceId`) REFERENCES `devices` (`id`) ON DELETE CASCADE ON UPDATE CASCADE)
2026-03-22 23:04:43 error: Create maintenance plan error: Cannot add or update a child row: a foreign key constraint fails (`equipment_management`.`maintenanceplans`, CONSTRAINT `maintenanceplans_ibfk_1` FOREIGN KEY (`deviceId`) REFERENCES `devices` (`id`) ON DELETE CASCADE ON UPDATE CASCADE)
2026-03-22 23:04:43 error: Create maintenance error: Cannot add or update a child row: a foreign key constraint fails (`equipment_management`.`maintenances`, CONSTRAINT `maintenances_ibfk_1` FOREIGN KEY (`deviceId`) REFERENCES `devices` (`id`) ON DELETE CASCADE ON UPDATE CASCADE)
2026-03-22 23:04:43 error: Create maintenance error: Cannot add or update a child row: a foreign key constraint fails (`equipment_management`.`maintenances`, CONSTRAINT `maintenances_ibfk_1` FOREIGN KEY (`deviceId`) REFERENCES `devices` (`id`) ON DELETE CASCADE ON UPDATE CASCADE)
2026-03-22 23:04:43 error: Create maintenance error: Cannot add or update a child row: a foreign key constraint fails (`equipment_management`.`maintenances`, CONSTRAINT `maintenances_ibfk_1` FOREIGN KEY (`deviceId`) REFERENCES `devices` (`id`) ON DELETE CASCADE ON UPDATE CASCADE)
2026-03-22 23:04:43 error: Create repair order error: Cannot add or update a child row: a foreign key constraint fails (`equipment_management`.`repairorders`, CONSTRAINT `repairorders_ibfk_1` FOREIGN KEY (`equipmentId`) REFERENCES `devices` (`id`) ON DELETE CASCADE ON UPDATE CASCADE)
2026-03-22 23:04:43 error: Create repair order error: Cannot add or update a child row: a foreign key constraint fails (`equipment_management`.`repairorders`, CONSTRAINT `repairorders_ibfk_1` FOREIGN KEY (`equipmentId`) REFERENCES `devices` (`id`) ON DELETE CASCADE ON UPDATE CASCADE)
2026-03-22 23:04:43 error: Create running data error: Cannot add or update a child row: a foreign key constraint fails (`equipment_management`.`runningdata`, CONSTRAINT `runningdata_ibfk_1` FOREIGN KEY (`equipmentId`) REFERENCES `devices` (`id`) ON DELETE CASCADE ON UPDATE CASCADE)
2026-03-22 23:04:43 error: Create running data error: Cannot add or update a child row: a foreign key constraint fails (`equipment_management`.`runningdata`, CONSTRAINT `runningdata_ibfk_1` FOREIGN KEY (`equipmentId`) REFERENCES `devices` (`id`) ON DELETE CASCADE ON UPDATE CASCADE)
2026-03-22 23:04:44 error: Create running data error: Cannot add or update a child row: a foreign key constraint fails (`equipment_management`.`runningdata`, CONSTRAINT `runningdata_ibfk_1` FOREIGN KEY (`equipmentId`) REFERENCES `devices` (`id`) ON DELETE CASCADE ON UPDATE CASCADE)
2026-03-22 23:05:55 error: Register error: Username already exists
2026-03-22 23:05:55 error: Register error: Username already exists
2026-03-22 23:31:34 error: Register error: Username already exists
2026-03-22 23:31:35 error: Register error: Username already exists
2026-03-23 21:30:41 error: SyntaxError: Bad escaped character in JSON at position 12 (line 1 column 13)
    at JSON.parse (<anonymous>)
    at parse (E:\project\EnterpriseEquipmentManagementSystemBackend\node_modules\body-parser\lib\types\json.js:92:19)
    at E:\project\EnterpriseEquipmentManagementSystemBackend\node_modules\body-parser\lib\read.js:128:18
    at AsyncResource.runInAsyncScope (node:async_hooks:228:14)
    at invokeCallback (E:\project\EnterpriseEquipmentManagementSystemBackend\node_modules\raw-body\index.js:238:16)
    at done (E:\project\EnterpriseEquipmentManagementSystemBackend\node_modules\raw-body\index.js:227:7)
    at IncomingMessage.onEnd (E:\project\EnterpriseEquipmentManagementSystemBackend\node_modules\raw-body\index.js:287:7)
    at IncomingMessage.emit (node:events:508:28)
    at endReadableNT (node:internal/streams/readable:1729:12)
    at process.processTicksAndRejections (node:internal/process/task_queues:90:21)
2026-03-23 21:35:43 error: Get running data error: Unknown column 'RunningData.recordTime' in 'order clause'
2026-03-23 22:14:20 error: Create running data error: Cannot add or update a child row: a foreign key constraint fails (`equipment_management`.`runningdata`, CONSTRAINT `runningdata_ibfk_1` FOREIGN KEY (`equipmentId`) REFERENCES `devices` (`id`) ON DELETE CASCADE ON UPDATE CASCADE)
2026-03-23 22:17:57 error: Create running data error: Device not found
2026-03-30 21:23:22 error: Login error: Invalid username or password
2026-03-30 21:23:34 error: Login error: Invalid username or password
2026-03-30 21:23:39 error: Login error: Invalid username or password
2026-03-30 21:59:05 error: Login error: Invalid username or password
2026-03-30 22:28:03 error: Register error: Cannot add or update a child row: a foreign key constraint fails (`equipment_management`.`users`, CONSTRAINT `users_ibfk_1` FOREIGN KEY (`departmentId`) REFERENCES `departments` (`id`) ON DELETE SET NULL ON UPDATE CASCADE)
2026-03-30 23:31:47 error: Register error: Cannot add or update a child row: a foreign key constraint fails (`equipment_management`.`users`, CONSTRAINT `users_ibfk_1` FOREIGN KEY (`departmentId`) REFERENCES `departments` (`id`) ON DELETE SET NULL ON UPDATE CASCADE)
2026-03-30 23:31:56 error: Register error: Cannot add or update a child row: a foreign key constraint fails (`equipment_management`.`users`, CONSTRAINT `users_ibfk_1` FOREIGN KEY (`departmentId`) REFERENCES `departments` (`id`) ON DELETE SET NULL ON UPDATE CASCADE)
2026-04-10 21:42:20 error: Register error: Cannot add or update a child row: a foreign key constraint fails (`equipment_management`.`users`, CONSTRAINT `users_ibfk_1` FOREIGN KEY (`departmentId`) REFERENCES `departments` (`id`) ON DELETE SET NULL ON UPDATE CASCADE)
2026-04-10 21:44:12 error: Register error: Cannot add or update a child row: a foreign key constraint fails (`equipment_management`.`users`, CONSTRAINT `users_ibfk_1` FOREIGN KEY (`departmentId`) REFERENCES `departments` (`id`) ON DELETE SET NULL ON UPDATE CASCADE)
2026-04-10 22:04:23 error: Get current user error: User not found
2026-04-10 22:04:49 error: Login error: Invalid username or password
